d:\github\intelligentrecipemanagementsystem\build\recipe-cli.dir\debug\vc143.pdb
d:\github\intelligentrecipemanagementsystem\build\recipe-cli.dir\debug\cliutils.obj
d:\github\intelligentrecipemanagementsystem\build\recipe-cli.dir\debug\jsonrestaurantrepository.obj
d:\github\intelligentrecipemanagementsystem\build\recipe-cli.dir\debug\jsonreciperepository.obj
d:\github\intelligentrecipemanagementsystem\build\recipe-cli.dir\debug\restaurant.obj
d:\github\intelligentrecipemanagementsystem\build\recipe-cli.dir\debug\restaurantmanager.obj
d:\github\intelligentrecipemanagementsystem\build\recipe-cli.dir\debug\recipe.obj
d:\github\intelligentrecipemanagementsystem\build\recipe-cli.dir\debug\recipemanager.obj
d:\github\intelligentrecipemanagementsystem\build\recipe-cli.dir\debug\main.obj
d:\github\intelligentrecipemanagementsystem\build\recipe-cli.dir\debug\usercommandhandler.obj
d:\github\intelligentrecipemanagementsystem\build\recipe-cli.dir\debug\restaurantcommandhandler.obj
d:\github\intelligentrecipemanagementsystem\build\cmakefiles\generate.stamp
d:\github\intelligentrecipemanagementsystem\build\debug\recipe-cli.exe
d:\github\intelligentrecipemanagementsystem\build\debug\recipe-cli.pdb
d:\github\intelligentrecipemanagementsystem\build\recipe-cli.dir\debug\recipe-cli.ilk
d:\github\intelligentrecipemanagementsystem\build\recipe-cli.dir\debug\admincommandhandler.obj
d:\github\intelligentrecipemanagementsystem\build\recipe-cli.dir\debug\jsonuserrepository.obj
d:\github\intelligentrecipemanagementsystem\build\recipe-cli.dir\debug\persistencemanager.obj
d:\github\intelligentrecipemanagementsystem\build\recipe-cli.dir\debug\recipecommandhandler.obj
d:\github\intelligentrecipemanagementsystem\build\recipe-cli.dir\debug\user.obj
d:\github\intelligentrecipemanagementsystem\build\recipe-cli.dir\debug\usermanager.obj
d:\github\intelligentrecipemanagementsystem\build\recipe-cli.dir\debug\recipe-cli.tlog\cl.command.1.tlog
d:\github\intelligentrecipemanagementsystem\build\recipe-cli.dir\debug\recipe-cli.tlog\cl.items.tlog
d:\github\intelligentrecipemanagementsystem\build\recipe-cli.dir\debug\recipe-cli.tlog\cl.read.1.tlog
d:\github\intelligentrecipemanagementsystem\build\recipe-cli.dir\debug\recipe-cli.tlog\cl.write.1.tlog
d:\github\intelligentrecipemanagementsystem\build\recipe-cli.dir\debug\recipe-cli.tlog\custombuild.command.1.tlog
d:\github\intelligentrecipemanagementsystem\build\recipe-cli.dir\debug\recipe-cli.tlog\custombuild.read.1.tlog
d:\github\intelligentrecipemanagementsystem\build\recipe-cli.dir\debug\recipe-cli.tlog\custombuild.write.1.tlog
d:\github\intelligentrecipemanagementsystem\build\recipe-cli.dir\debug\recipe-cli.tlog\link.command.1.tlog
d:\github\intelligentrecipemanagementsystem\build\recipe-cli.dir\debug\recipe-cli.tlog\link.read.1.tlog
d:\github\intelligentrecipemanagementsystem\build\recipe-cli.dir\debug\recipe-cli.tlog\link.secondary.1.tlog
d:\github\intelligentrecipemanagementsystem\build\recipe-cli.dir\debug\recipe-cli.tlog\link.write.1.tlog
